# JRE version: Java(TM) SE Runtime Environment (17.0.9+11) (build 17.0.9+11-LTS-201)
# Java VM: Java HotSpot(TM) 64-Bit Server VM (17.0.9+11-LTS-201, mixed mode, sharing, tiered, compressed oops, compressed class ptrs, g1 gc, windows-amd64)
GC Precious Log:
 CPUs: 8 total, 8 available
 Memory: 10186M
 Large Page Support: Disabled
 NUMA Support: Disabled
 Compressed Oops: Enabled (Zero based)
 Heap Region Size: 2M
 Heap Min Capacity: 8M
 Heap Initial Capacity: 160M
 Heap Max Capacity: 2548M
 Pre-touch: Disabled
 Parallel Workers: 8
 Concurrent Workers: 2
 Concurrent Refinement Workers: 8
 Periodic GC: Disabled
Heap:
 garbage-first heap   total 69632K, used 32431K [0x0000000760c00000, 0x0000000800000000)
  region size 2048K, 3 young (6144K), 2 survivors (4096K)
 Metaspace       used 61426K, committed 62016K, reserved 1114112K
  class space    used 8037K, committed 8320K, reserved 1048576K
GC Heap History (20 events):
Event: 14.063 GC heap before
{Heap before GC invocations=9 (full 0):
 garbage-first heap   total 69632K, used 48751K [0x0000000760c00000, 0x0000000800000000)
  region size 2048K, 16 young (32768K), 1 survivors (2048K)
 Metaspace       used 28931K, committed 29248K, reserved 1114112K
  class space    used 3699K, committed 3840K, reserved 1048576K
}
Event: 14.069 GC heap after
{Heap after GC invocations=10 (full 0):
 garbage-first heap   total 69632K, used 19751K [0x0000000760c00000, 0x0000000800000000)
  region size 2048K, 2 young (4096K), 2 survivors (4096K)
 Metaspace       used 28931K, committed 29248K, reserved 1114112K
  class space    used 3699K, committed 3840K, reserved 1048576K
}
Event: 14.265 GC heap before
{Heap before GC invocations=10 (full 0):
 garbage-first heap   total 69632K, used 21799K [0x0000000760c00000, 0x0000000800000000)
  region size 2048K, 3 young (6144K), 2 survivors (4096K)
 Metaspace       used 29087K, committed 29440K, reserved 1114112K
  class space    used 3726K, committed 3904K, reserved 1048576K
}
Event: 14.274 GC heap after
{Heap after GC invocations=11 (full 0):
 garbage-first heap   total 69632K, used 20083K [0x0000000760c00000, 0x0000000800000000)
  region size 2048K, 1 young (2048K), 1 survivors (2048K)
 Metaspace       used 29087K, committed 29440K, reserved 1114112K
  class space    used 3726K, committed 3904K, reserved 1048576K
}
Event: 16.687 GC heap before
{Heap before GC invocations=11 (full 0):
 garbage-first heap   total 69632K, used 48755K [0x0000000760c00000, 0x0000000800000000)
  region size 2048K, 15 young (30720K), 1 survivors (2048K)
 Metaspace       used 31472K, committed 31872K, reserved 1114112K
  class space    used 4082K, committed 4288K, reserved 1048576K
}
Event: 16.698 GC heap after
{Heap after GC invocations=12 (full 0):
 garbage-first heap   total 69632K, used 21472K [0x0000000760c00000, 0x0000000800000000)
  region size 2048K, 1 young (2048K), 1 survivors (2048K)
 Metaspace       used 31472K, committed 31872K, reserved 1114112K
  class space    used 4082K, committed 4288K, reserved 1048576K
}
Event: 19.545 GC heap before
{Heap before GC invocations=12 (full 0):
 garbage-first heap   total 69632K, used 50144K [0x0000000760c00000, 0x0000000800000000)
  region size 2048K, 15 young (30720K), 1 survivors (2048K)
 Metaspace       used 36356K, committed 36800K, reserved 1114112K
  class space    used 4728K, committed 4928K, reserved 1048576K
}
Event: 19.551 GC heap after
{Heap after GC invocations=13 (full 0):
 garbage-first heap   total 69632K, used 23584K [0x0000000760c00000, 0x0000000800000000)
  region size 2048K, 2 young (4096K), 2 survivors (4096K)
 Metaspace       used 36356K, committed 36800K, reserved 1114112K
  class space    used 4728K, committed 4928K, reserved 1048576K
}
Event: 22.112 GC heap before
{Heap before GC invocations=13 (full 0):
 garbage-first heap   total 69632K, used 52256K [0x0000000760c00000, 0x0000000800000000)
  region size 2048K, 16 young (32768K), 2 survivors (4096K)
 Metaspace       used 39289K, committed 39808K, reserved 1114112K
  class space    used 5109K, committed 5376K, reserved 1048576K
}
Event: 22.122 GC heap after
{Heap after GC invocations=14 (full 0):
 garbage-first heap   total 69632K, used 25445K [0x0000000760c00000, 0x0000000800000000)
  region size 2048K, 1 young (2048K), 1 survivors (2048K)
 Metaspace       used 39289K, committed 39808K, reserved 1114112K
  class space    used 5109K, committed 5376K, reserved 1048576K
}
Event: 24.104 GC heap before
{Heap before GC invocations=14 (full 0):
 garbage-first heap   total 69632K, used 52069K [0x0000000760c00000, 0x0000000800000000)
  region size 2048K, 14 young (28672K), 1 survivors (2048K)
 Metaspace       used 40730K, committed 41280K, reserved 1114112K
  class space    used 5305K, committed 5568K, reserved 1048576K
}
Event: 24.112 GC heap after
{Heap after GC invocations=15 (full 0):
 garbage-first heap   total 69632K, used 26598K [0x0000000760c00000, 0x0000000800000000)
  region size 2048K, 2 young (4096K), 2 survivors (4096K)
 Metaspace       used 40730K, committed 41280K, reserved 1114112K
  class space    used 5305K, committed 5568K, reserved 1048576K
}
Event: 26.441 GC heap before
{Heap before GC invocations=15 (full 0):
 garbage-first heap   total 69632K, used 53222K [0x0000000760c00000, 0x0000000800000000)
  region size 2048K, 15 young (30720K), 2 survivors (4096K)
 Metaspace       used 43619K, committed 44096K, reserved 1114112K
  class space    used 5703K, committed 5952K, reserved 1048576K
}
Event: 26.450 GC heap after
{Heap after GC invocations=16 (full 0):
 garbage-first heap   total 69632K, used 27985K [0x0000000760c00000, 0x0000000800000000)
  region size 2048K, 2 young (4096K), 2 survivors (4096K)
 Metaspace       used 43619K, committed 44096K, reserved 1114112K
  class space    used 5703K, committed 5952K, reserved 1048576K
}
Event: 26.590 GC heap before
{Heap before GC invocations=16 (full 0):
 garbage-first heap   total 69632K, used 27985K [0x0000000760c00000, 0x0000000800000000)
  region size 2048K, 3 young (6144K), 2 survivors (4096K)
 Metaspace       used 43808K, committed 44288K, reserved 1114112K
  class space    used 5730K, committed 6016K, reserved 1048576K
}
Event: 26.598 GC heap after
{Heap after GC invocations=17 (full 0):
 garbage-first heap   total 69632K, used 27869K [0x0000000760c00000, 0x0000000800000000)
  region size 2048K, 1 young (2048K), 1 survivors (2048K)
 Metaspace       used 43808K, committed 44288K, reserved 1114112K
  class space    used 5730K, committed 6016K, reserved 1048576K
}
Event: 29.815 GC heap before
{Heap before GC invocations=18 (full 0):
 garbage-first heap   total 69632K, used 52445K [0x0000000760c00000, 0x0000000800000000)
  region size 2048K, 14 young (28672K), 1 survivors (2048K)
 Metaspace       used 49716K, committed 50240K, reserved 1114112K
  class space    used 6580K, committed 6848K, reserved 1048576K
}
Event: 29.826 GC heap after
{Heap after GC invocations=19 (full 0):
 garbage-first heap   total 69632K, used 29686K [0x0000000760c00000, 0x0000000800000000)
  region size 2048K, 2 young (4096K), 2 survivors (4096K)
 Metaspace       used 49716K, committed 50240K, reserved 1114112K
  class space    used 6580K, committed 6848K, reserved 1048576K
}
Event: 32.137 GC heap before
{Heap before GC invocations=19 (full 0):
 garbage-first heap   total 69632K, used 54262K [0x0000000760c00000, 0x0000000800000000)
  region size 2048K, 14 young (28672K), 2 survivors (4096K)
 Metaspace       used 57996K, committed 58496K, reserved 1114112K
  class space    used 7620K, committed 7872K, reserved 1048576K
}
Event: 32.146 GC heap after
{Heap after GC invocations=20 (full 0):
 garbage-first heap   total 69632K, used 31468K [0x0000000760c00000, 0x0000000800000000)
  region size 2048K, 2 young (4096K), 2 survivors (4096K)
 Metaspace       used 57996K, committed 58496K, reserved 1114112K
  class space    used 7620K, committed 7872K, reserved 1048576K
}

